
> server@1.0.0 dev
> nodemon --watch src --ext ts,json --exec ts-node src/server.ts

[33m[nodemon] 3.1.11[39m
[33m[nodemon] to restart at any time, enter `rs`[39m
[33m[nodemon] watching path(s): src\**\*[39m
[33m[nodemon] watching extensions: ts,json[39m
[32m[nodemon] starting `ts-node src/server.ts`[39m
[dotenv@17.2.3] injecting env (10) from .env -- tip: 📡 add observability to secrets: https://dotenvx.com/ops
[32m[nodemon] clean exit - waiting for changes before restart[39m
[32m[nodemon] restarting due to changes...[39m
[32m[nodemon] starting `ts-node src/server.ts`[39m
[dotenv@17.2.3] injecting env (10) from .env -- tip: ✅ audit secrets and track compliance: https://dotenvx.com/ops
[32m[nodemon] restarting due to changes...[39m
[32m[nodemon] starting `ts-node src/server.ts`[39m
[dotenv@17.2.3] injecting env (10) from .env -- tip: 🔐 prevent building .env in docker: https://dotenvx.com/prebuild
[32m[nodemon] clean exit - waiting for changes before restart[39m
[32m[nodemon] restarting child process[39m
[32m[nodemon] starting `ts-node src/server.ts`[39m
[dotenv@17.2.3] injecting env (10) from .env -- tip: ⚙️  specify custom .env file path with { path: '/custom/path/.env' }
[32m[nodemon] clean exit - waiting for changes before restart[39m
^C